mode: atomic
github.com/vansdevcode/worktree-manager/cmd/wtm/add.go:41.13,43.2 1 0
github.com/vansdevcode/worktree-manager/cmd/wtm/add.go:45.54,48.16 2 0
github.com/vansdevcode/worktree-manager/cmd/wtm/add.go:48.16,50.3 1 0
github.com/vansdevcode/worktree-manager/cmd/wtm/add.go:52.2,58.19 5 0
github.com/vansdevcode/worktree-manager/cmd/wtm/add.go:58.19,60.3 1 0
github.com/vansdevcode/worktree-manager/cmd/wtm/add.go:61.2,61.19 1 0
github.com/vansdevcode/worktree-manager/cmd/wtm/add.go:61.19,63.3 1 0
github.com/vansdevcode/worktree-manager/cmd/wtm/add.go:66.2,68.42 3 0
github.com/vansdevcode/worktree-manager/cmd/wtm/add.go:68.42,72.21 4 0
github.com/vansdevcode/worktree-manager/cmd/wtm/add.go:72.21,74.4 1 0
github.com/vansdevcode/worktree-manager/cmd/wtm/add.go:76.3,77.23 2 0
github.com/vansdevcode/worktree-manager/cmd/wtm/add.go:77.23,79.4 1 0
github.com/vansdevcode/worktree-manager/cmd/wtm/add.go:80.3,80.41 1 0
github.com/vansdevcode/worktree-manager/cmd/wtm/add.go:80.41,83.4 2 0
github.com/vansdevcode/worktree-manager/cmd/wtm/add.go:84.3,84.22 1 0
github.com/vansdevcode/worktree-manager/cmd/wtm/add.go:84.22,86.4 1 0
github.com/vansdevcode/worktree-manager/cmd/wtm/add.go:90.2,90.30 1 0
github.com/vansdevcode/worktree-manager/cmd/wtm/add.go:90.30,92.3 1 0
github.com/vansdevcode/worktree-manager/cmd/wtm/add.go:95.2,95.21 1 0
github.com/vansdevcode/worktree-manager/cmd/wtm/add.go:95.21,96.11 1 0
github.com/vansdevcode/worktree-manager/cmd/wtm/add.go:96.11,98.4 1 0
github.com/vansdevcode/worktree-manager/cmd/wtm/add.go:98.9,100.4 1 0
github.com/vansdevcode/worktree-manager/cmd/wtm/add.go:103.2,106.49 2 0
github.com/vansdevcode/worktree-manager/cmd/wtm/add.go:106.49,108.3 1 0
github.com/vansdevcode/worktree-manager/cmd/wtm/add.go:111.2,111.10 1 0
github.com/vansdevcode/worktree-manager/cmd/wtm/add.go:111.10,115.17 3 0
github.com/vansdevcode/worktree-manager/cmd/wtm/add.go:115.17,117.4 1 0
github.com/vansdevcode/worktree-manager/cmd/wtm/add.go:119.3,120.80 2 0
github.com/vansdevcode/worktree-manager/cmd/wtm/add.go:120.80,122.4 1 0
github.com/vansdevcode/worktree-manager/cmd/wtm/add.go:124.3,124.25 1 0
github.com/vansdevcode/worktree-manager/cmd/wtm/add.go:125.8,128.17 2 0
github.com/vansdevcode/worktree-manager/cmd/wtm/add.go:128.17,130.4 1 0
github.com/vansdevcode/worktree-manager/cmd/wtm/add.go:132.3,132.19 1 0
github.com/vansdevcode/worktree-manager/cmd/wtm/add.go:132.19,134.80 2 0
github.com/vansdevcode/worktree-manager/cmd/wtm/add.go:134.80,136.5 1 0
github.com/vansdevcode/worktree-manager/cmd/wtm/add.go:137.9,139.88 2 0
github.com/vansdevcode/worktree-manager/cmd/wtm/add.go:139.88,141.5 1 0
github.com/vansdevcode/worktree-manager/cmd/wtm/add.go:146.2,147.45 2 0
github.com/vansdevcode/worktree-manager/cmd/wtm/add.go:147.45,154.81 3 0
github.com/vansdevcode/worktree-manager/cmd/wtm/add.go:154.81,156.4 1 0
github.com/vansdevcode/worktree-manager/cmd/wtm/add.go:160.2,160.17 1 0
github.com/vansdevcode/worktree-manager/cmd/wtm/add.go:160.17,162.46 2 0
github.com/vansdevcode/worktree-manager/cmd/wtm/add.go:162.46,169.59 3 0
github.com/vansdevcode/worktree-manager/cmd/wtm/add.go:169.59,171.5 1 0
github.com/vansdevcode/worktree-manager/cmd/wtm/add.go:175.2,179.12 4 0
github.com/vansdevcode/worktree-manager/cmd/wtm/init.go:42.13,45.2 2 0
github.com/vansdevcode/worktree-manager/cmd/wtm/init.go:47.55,50.19 3 0
github.com/vansdevcode/worktree-manager/cmd/wtm/init.go:50.19,52.3 1 0
github.com/vansdevcode/worktree-manager/cmd/wtm/init.go:55.2,55.21 1 0
github.com/vansdevcode/worktree-manager/cmd/wtm/init.go:55.21,58.3 2 0
github.com/vansdevcode/worktree-manager/cmd/wtm/init.go:61.2,61.46 1 0
github.com/vansdevcode/worktree-manager/cmd/wtm/init.go:61.46,63.3 1 0
github.com/vansdevcode/worktree-manager/cmd/wtm/init.go:66.2,66.53 1 0
github.com/vansdevcode/worktree-manager/cmd/wtm/init.go:66.53,68.3 1 0
github.com/vansdevcode/worktree-manager/cmd/wtm/init.go:70.2,74.79 3 0
github.com/vansdevcode/worktree-manager/cmd/wtm/init.go:74.79,76.3 1 0
github.com/vansdevcode/worktree-manager/cmd/wtm/init.go:78.2,81.13 2 0
github.com/vansdevcode/worktree-manager/cmd/wtm/init.go:81.13,83.47 2 0
github.com/vansdevcode/worktree-manager/cmd/wtm/init.go:83.47,85.4 1 0
github.com/vansdevcode/worktree-manager/cmd/wtm/init.go:86.8,91.57 3 0
github.com/vansdevcode/worktree-manager/cmd/wtm/init.go:91.57,93.4 1 0
github.com/vansdevcode/worktree-manager/cmd/wtm/init.go:97.2,98.16 2 0
github.com/vansdevcode/worktree-manager/cmd/wtm/init.go:98.16,100.3 1 0
github.com/vansdevcode/worktree-manager/cmd/wtm/init.go:103.2,106.82 3 0
github.com/vansdevcode/worktree-manager/cmd/wtm/init.go:106.82,108.3 1 0
github.com/vansdevcode/worktree-manager/cmd/wtm/init.go:111.2,112.45 2 0
github.com/vansdevcode/worktree-manager/cmd/wtm/init.go:112.45,119.81 3 0
github.com/vansdevcode/worktree-manager/cmd/wtm/init.go:119.81,121.4 1 0
github.com/vansdevcode/worktree-manager/cmd/wtm/init.go:125.2,125.18 1 0
github.com/vansdevcode/worktree-manager/cmd/wtm/init.go:125.18,127.46 2 0
github.com/vansdevcode/worktree-manager/cmd/wtm/init.go:127.46,134.59 3 0
github.com/vansdevcode/worktree-manager/cmd/wtm/init.go:134.59,136.5 1 0
github.com/vansdevcode/worktree-manager/cmd/wtm/init.go:140.2,144.12 4 0
github.com/vansdevcode/worktree-manager/cmd/wtm/ls.go:20.53,23.16 2 0
github.com/vansdevcode/worktree-manager/cmd/wtm/ls.go:23.16,25.3 1 0
github.com/vansdevcode/worktree-manager/cmd/wtm/ls.go:27.2,31.16 3 0
github.com/vansdevcode/worktree-manager/cmd/wtm/ls.go:31.16,33.3 1 0
github.com/vansdevcode/worktree-manager/cmd/wtm/ls.go:35.2,36.12 2 0
github.com/vansdevcode/worktree-manager/cmd/wtm/main.go:3.13,5.2 1 0
github.com/vansdevcode/worktree-manager/cmd/wtm/pr.go:22.53,25.16 2 0
github.com/vansdevcode/worktree-manager/cmd/wtm/pr.go:25.16,27.3 1 0
github.com/vansdevcode/worktree-manager/cmd/wtm/pr.go:30.2,30.19 1 0
github.com/vansdevcode/worktree-manager/cmd/wtm/pr.go:30.19,32.3 1 0
github.com/vansdevcode/worktree-manager/cmd/wtm/pr.go:35.2,36.19 2 0
github.com/vansdevcode/worktree-manager/cmd/wtm/pr.go:36.19,38.3 1 0
github.com/vansdevcode/worktree-manager/cmd/wtm/pr.go:41.2,41.29 1 0
github.com/vansdevcode/worktree-manager/cmd/wtm/rm.go:30.13,34.2 3 0
github.com/vansdevcode/worktree-manager/cmd/wtm/rm.go:36.53,41.16 3 0
github.com/vansdevcode/worktree-manager/cmd/wtm/rm.go:41.16,43.3 1 0
github.com/vansdevcode/worktree-manager/cmd/wtm/rm.go:45.2,49.31 3 0
github.com/vansdevcode/worktree-manager/cmd/wtm/rm.go:49.31,51.3 1 0
github.com/vansdevcode/worktree-manager/cmd/wtm/rm.go:51.8,53.3 1 0
github.com/vansdevcode/worktree-manager/cmd/wtm/rm.go:56.2,56.57 1 0
github.com/vansdevcode/worktree-manager/cmd/wtm/rm.go:56.57,58.3 1 0
github.com/vansdevcode/worktree-manager/cmd/wtm/rm.go:61.2,62.16 2 0
github.com/vansdevcode/worktree-manager/cmd/wtm/rm.go:62.16,65.17 2 0
github.com/vansdevcode/worktree-manager/cmd/wtm/rm.go:65.17,67.4 1 0
github.com/vansdevcode/worktree-manager/cmd/wtm/rm.go:68.3,69.17 2 0
github.com/vansdevcode/worktree-manager/cmd/wtm/rm.go:69.17,71.4 1 0
github.com/vansdevcode/worktree-manager/cmd/wtm/rm.go:73.3,73.119 1 0
github.com/vansdevcode/worktree-manager/cmd/wtm/rm.go:73.119,75.4 1 0
github.com/vansdevcode/worktree-manager/cmd/wtm/rm.go:79.2,79.14 1 0
github.com/vansdevcode/worktree-manager/cmd/wtm/rm.go:79.14,81.31 2 0
github.com/vansdevcode/worktree-manager/cmd/wtm/rm.go:81.31,83.4 1 0
github.com/vansdevcode/worktree-manager/cmd/wtm/rm.go:85.3,86.33 2 0
github.com/vansdevcode/worktree-manager/cmd/wtm/rm.go:86.33,88.4 1 0
github.com/vansdevcode/worktree-manager/cmd/wtm/rm.go:92.2,95.16 2 0
github.com/vansdevcode/worktree-manager/cmd/wtm/rm.go:95.16,97.46 2 0
github.com/vansdevcode/worktree-manager/cmd/wtm/rm.go:97.46,104.59 3 0
github.com/vansdevcode/worktree-manager/cmd/wtm/rm.go:104.59,106.5 1 0
github.com/vansdevcode/worktree-manager/cmd/wtm/rm.go:111.2,112.13 2 0
github.com/vansdevcode/worktree-manager/cmd/wtm/rm.go:112.13,113.72 1 0
github.com/vansdevcode/worktree-manager/cmd/wtm/rm.go:113.72,115.4 1 0
github.com/vansdevcode/worktree-manager/cmd/wtm/rm.go:116.8,117.67 1 0
github.com/vansdevcode/worktree-manager/cmd/wtm/rm.go:117.67,119.4 1 0
github.com/vansdevcode/worktree-manager/cmd/wtm/rm.go:123.2,123.20 1 0
github.com/vansdevcode/worktree-manager/cmd/wtm/rm.go:123.20,125.63 2 0
github.com/vansdevcode/worktree-manager/cmd/wtm/rm.go:125.63,127.4 1 0
github.com/vansdevcode/worktree-manager/cmd/wtm/rm.go:127.9,129.4 1 0
github.com/vansdevcode/worktree-manager/cmd/wtm/rm.go:132.2,133.12 2 0
github.com/vansdevcode/worktree-manager/cmd/wtm/root.go:23.29,25.2 1 0
github.com/vansdevcode/worktree-manager/cmd/wtm/root.go:27.13,33.2 5 0
github.com/vansdevcode/worktree-manager/cmd/wtm/root.go:35.16,36.42 1 0
github.com/vansdevcode/worktree-manager/cmd/wtm/root.go:36.42,39.3 2 0
github.com/vansdevcode/worktree-manager/internal/config/config.go:17.33,19.16 2 0
github.com/vansdevcode/worktree-manager/internal/config/config.go:19.16,21.3 1 0
github.com/vansdevcode/worktree-manager/internal/config/config.go:23.2,23.45 1 0
github.com/vansdevcode/worktree-manager/internal/config/config.go:23.45,25.45 2 0
github.com/vansdevcode/worktree-manager/internal/config/config.go:25.45,27.4 1 0
github.com/vansdevcode/worktree-manager/internal/config/config.go:28.3,28.40 1 0
github.com/vansdevcode/worktree-manager/internal/config/config.go:31.2,31.27 1 0
github.com/vansdevcode/worktree-manager/internal/config/config.go:35.40,37.2 1 0
github.com/vansdevcode/worktree-manager/internal/config/config.go:40.44,42.2 1 0
github.com/vansdevcode/worktree-manager/internal/config/config.go:45.41,47.2 1 0
github.com/vansdevcode/worktree-manager/internal/config/config.go:50.51,52.2 1 0
github.com/vansdevcode/worktree-manager/internal/git/git.go:10.46,12.114 1 4
github.com/vansdevcode/worktree-manager/internal/git/git.go:12.114,14.3 1 3
github.com/vansdevcode/worktree-manager/internal/git/git.go:17.2,17.65 1 1
github.com/vansdevcode/worktree-manager/internal/git/git.go:17.65,19.3 1 1
github.com/vansdevcode/worktree-manager/internal/git/git.go:21.2,21.13 1 0
github.com/vansdevcode/worktree-manager/internal/git/git.go:25.43,28.16 3 0
github.com/vansdevcode/worktree-manager/internal/git/git.go:28.16,30.3 1 0
github.com/vansdevcode/worktree-manager/internal/git/git.go:31.2,31.12 1 0
github.com/vansdevcode/worktree-manager/internal/git/git.go:35.37,38.16 3 0
github.com/vansdevcode/worktree-manager/internal/git/git.go:38.16,40.3 1 0
github.com/vansdevcode/worktree-manager/internal/git/git.go:41.2,41.12 1 0
github.com/vansdevcode/worktree-manager/internal/git/git.go:45.55,49.16 3 0
github.com/vansdevcode/worktree-manager/internal/git/git.go:49.16,54.3 3 0
github.com/vansdevcode/worktree-manager/internal/git/git.go:57.2,57.63 1 0
github.com/vansdevcode/worktree-manager/internal/git/git.go:57.63,59.35 2 0
github.com/vansdevcode/worktree-manager/internal/git/git.go:59.35,61.4 1 0
github.com/vansdevcode/worktree-manager/internal/git/git.go:65.2,67.16 3 0
github.com/vansdevcode/worktree-manager/internal/git/git.go:67.16,69.3 1 0
github.com/vansdevcode/worktree-manager/internal/git/git.go:71.2,72.44 2 0
github.com/vansdevcode/worktree-manager/internal/git/git.go:72.44,74.3 1 0
github.com/vansdevcode/worktree-manager/internal/git/git.go:76.2,76.44 1 0
github.com/vansdevcode/worktree-manager/internal/git/git.go:82.66,85.22 2 0
github.com/vansdevcode/worktree-manager/internal/git/git.go:85.22,88.3 1 0
github.com/vansdevcode/worktree-manager/internal/git/git.go:88.8,91.3 1 0
github.com/vansdevcode/worktree-manager/internal/git/git.go:93.2,95.16 3 0
github.com/vansdevcode/worktree-manager/internal/git/git.go:95.16,97.3 1 0
github.com/vansdevcode/worktree-manager/internal/git/git.go:100.2,103.12 3 0
github.com/vansdevcode/worktree-manager/internal/git/git.go:107.57,110.16 3 0
github.com/vansdevcode/worktree-manager/internal/git/git.go:110.16,112.3 1 0
github.com/vansdevcode/worktree-manager/internal/git/git.go:115.2,117.24 3 0
github.com/vansdevcode/worktree-manager/internal/git/git.go:121.52,124.16 3 0
github.com/vansdevcode/worktree-manager/internal/git/git.go:124.16,126.3 1 0
github.com/vansdevcode/worktree-manager/internal/git/git.go:127.2,127.28 1 0
github.com/vansdevcode/worktree-manager/internal/git/git.go:131.49,134.16 3 0
github.com/vansdevcode/worktree-manager/internal/git/git.go:134.16,136.3 1 0
github.com/vansdevcode/worktree-manager/internal/git/git.go:137.2,137.12 1 0
github.com/vansdevcode/worktree-manager/internal/git/git.go:141.54,144.16 3 0
github.com/vansdevcode/worktree-manager/internal/git/git.go:144.16,146.3 1 0
github.com/vansdevcode/worktree-manager/internal/git/git.go:147.2,147.12 1 0
github.com/vansdevcode/worktree-manager/internal/git/git.go:151.49,154.16 3 0
github.com/vansdevcode/worktree-manager/internal/git/git.go:154.16,156.3 1 0
github.com/vansdevcode/worktree-manager/internal/git/git.go:157.2,157.12 1 0
github.com/vansdevcode/worktree-manager/internal/git/git.go:161.55,164.16 3 0
github.com/vansdevcode/worktree-manager/internal/git/git.go:164.16,166.74 1 0
github.com/vansdevcode/worktree-manager/internal/git/git.go:166.74,168.4 1 0
github.com/vansdevcode/worktree-manager/internal/git/git.go:169.3,169.20 1 0
github.com/vansdevcode/worktree-manager/internal/git/git.go:171.2,171.19 1 0
github.com/vansdevcode/worktree-manager/internal/git/git.go:175.51,178.16 3 0
github.com/vansdevcode/worktree-manager/internal/git/git.go:178.16,180.3 1 0
github.com/vansdevcode/worktree-manager/internal/git/git.go:181.2,181.56 1 0
github.com/vansdevcode/worktree-manager/internal/git/git.go:185.42,188.16 3 0
github.com/vansdevcode/worktree-manager/internal/git/git.go:188.16,190.3 1 0
github.com/vansdevcode/worktree-manager/internal/git/git.go:191.2,191.12 1 0
github.com/vansdevcode/worktree-manager/internal/pr/pr.go:14.79,17.16 2 0
github.com/vansdevcode/worktree-manager/internal/pr/pr.go:17.16,19.3 1 0
github.com/vansdevcode/worktree-manager/internal/pr/pr.go:26.2,26.58 1 0
github.com/vansdevcode/worktree-manager/internal/pr/pr.go:30.85,32.47 1 0
github.com/vansdevcode/worktree-manager/internal/pr/pr.go:32.47,34.3 1 0
github.com/vansdevcode/worktree-manager/internal/pr/pr.go:37.2,39.16 3 0
github.com/vansdevcode/worktree-manager/internal/pr/pr.go:39.16,41.3 1 0
github.com/vansdevcode/worktree-manager/internal/pr/pr.go:43.2,46.56 2 0
github.com/vansdevcode/worktree-manager/internal/pr/pr.go:46.56,48.3 1 0
github.com/vansdevcode/worktree-manager/internal/pr/pr.go:51.2,52.55 2 0
github.com/vansdevcode/worktree-manager/internal/pr/pr.go:52.55,54.3 1 0
github.com/vansdevcode/worktree-manager/internal/pr/pr.go:56.2,56.24 1 0
github.com/vansdevcode/worktree-manager/internal/pr/pr.go:60.90,66.16 4 0
github.com/vansdevcode/worktree-manager/internal/pr/pr.go:66.16,71.17 4 0
github.com/vansdevcode/worktree-manager/internal/pr/pr.go:71.17,73.4 1 0
github.com/vansdevcode/worktree-manager/internal/pr/pr.go:76.2,76.24 1 0
github.com/vansdevcode/worktree-manager/internal/pr/pr.go:80.76,82.47 1 0
github.com/vansdevcode/worktree-manager/internal/pr/pr.go:82.47,84.3 1 0
github.com/vansdevcode/worktree-manager/internal/pr/pr.go:86.2,88.16 3 0
github.com/vansdevcode/worktree-manager/internal/pr/pr.go:88.16,90.3 1 0
github.com/vansdevcode/worktree-manager/internal/pr/pr.go:92.2,96.56 2 0
github.com/vansdevcode/worktree-manager/internal/pr/pr.go:96.56,98.3 1 0
github.com/vansdevcode/worktree-manager/internal/pr/pr.go:100.2,100.77 1 0
github.com/vansdevcode/worktree-manager/internal/template/template.go:25.78,27.53 1 0
github.com/vansdevcode/worktree-manager/internal/template/template.go:27.53,30.3 1 0
github.com/vansdevcode/worktree-manager/internal/template/template.go:33.2,33.86 1 0
github.com/vansdevcode/worktree-manager/internal/template/template.go:33.86,34.17 1 0
github.com/vansdevcode/worktree-manager/internal/template/template.go:34.17,36.4 1 0
github.com/vansdevcode/worktree-manager/internal/template/template.go:39.3,39.23 1 0
github.com/vansdevcode/worktree-manager/internal/template/template.go:39.23,41.4 1 0
github.com/vansdevcode/worktree-manager/internal/template/template.go:44.3,45.17 2 0
github.com/vansdevcode/worktree-manager/internal/template/template.go:45.17,47.4 1 0
github.com/vansdevcode/worktree-manager/internal/template/template.go:50.3,52.16 2 0
github.com/vansdevcode/worktree-manager/internal/template/template.go:52.16,54.56 1 0
github.com/vansdevcode/worktree-manager/internal/template/template.go:54.56,56.5 1 0
github.com/vansdevcode/worktree-manager/internal/template/template.go:57.4,57.14 1 0
github.com/vansdevcode/worktree-manager/internal/template/template.go:61.3,61.36 1 0
github.com/vansdevcode/worktree-manager/internal/template/template.go:61.36,64.70 2 0
github.com/vansdevcode/worktree-manager/internal/template/template.go:64.70,66.5 1 0
github.com/vansdevcode/worktree-manager/internal/template/template.go:67.9,69.53 1 0
github.com/vansdevcode/worktree-manager/internal/template/template.go:69.53,71.5 1 0
github.com/vansdevcode/worktree-manager/internal/template/template.go:74.3,74.13 1 0
github.com/vansdevcode/worktree-manager/internal/template/template.go:79.38,82.16 2 0
github.com/vansdevcode/worktree-manager/internal/template/template.go:82.16,84.3 1 0
github.com/vansdevcode/worktree-manager/internal/template/template.go:87.2,88.16 2 0
github.com/vansdevcode/worktree-manager/internal/template/template.go:88.16,90.3 1 0
github.com/vansdevcode/worktree-manager/internal/template/template.go:93.2,93.64 1 0
github.com/vansdevcode/worktree-manager/internal/template/template.go:93.64,95.3 1 0
github.com/vansdevcode/worktree-manager/internal/template/template.go:97.2,97.12 1 0
github.com/vansdevcode/worktree-manager/internal/template/template.go:101.92,104.16 2 0
github.com/vansdevcode/worktree-manager/internal/template/template.go:104.16,106.3 1 0
github.com/vansdevcode/worktree-manager/internal/template/template.go:109.2,116.16 4 0
github.com/vansdevcode/worktree-manager/internal/template/template.go:116.16,118.3 1 0
github.com/vansdevcode/worktree-manager/internal/template/template.go:121.2,124.66 2 0
github.com/vansdevcode/worktree-manager/internal/template/template.go:124.66,126.3 1 0
github.com/vansdevcode/worktree-manager/internal/template/template.go:129.2,129.77 1 0
github.com/vansdevcode/worktree-manager/internal/template/template.go:129.77,131.3 1 0
github.com/vansdevcode/worktree-manager/internal/template/template.go:134.2,135.16 2 0
github.com/vansdevcode/worktree-manager/internal/template/template.go:135.16,137.3 1 0
github.com/vansdevcode/worktree-manager/internal/template/template.go:138.2,138.58 1 0
github.com/vansdevcode/worktree-manager/internal/template/template.go:138.58,140.3 1 0
github.com/vansdevcode/worktree-manager/internal/template/template.go:142.2,142.12 1 0
github.com/vansdevcode/worktree-manager/internal/hook/hook.go:16.52,19.16 2 0
github.com/vansdevcode/worktree-manager/internal/hook/hook.go:19.16,21.3 1 0
github.com/vansdevcode/worktree-manager/internal/hook/hook.go:24.2,24.27 1 0
github.com/vansdevcode/worktree-manager/internal/hook/hook.go:24.27,26.3 1 0
github.com/vansdevcode/worktree-manager/internal/hook/hook.go:29.2,43.18 8 0
github.com/vansdevcode/worktree-manager/internal/hook/hook.go:48.70,54.2 1 0
github.com/vansdevcode/worktree-manager/internal/worktree/worktree.go:17.58,34.2 8 7
github.com/vansdevcode/worktree-manager/internal/worktree/worktree.go:37.60,39.2 1 0
github.com/vansdevcode/worktree-manager/internal/worktree/worktree.go:42.51,44.2 1 2
github.com/vansdevcode/worktree-manager/internal/worktree/worktree.go:47.42,49.2 1 1
github.com/vansdevcode/worktree-manager/internal/worktree/worktree.go:54.66,55.22 1 0
github.com/vansdevcode/worktree-manager/internal/worktree/worktree.go:55.22,57.3 1 0
github.com/vansdevcode/worktree-manager/internal/worktree/worktree.go:58.2,58.39 1 0
github.com/vansdevcode/worktree-manager/internal/worktree/worktree.go:63.33,66.16 3 2
github.com/vansdevcode/worktree-manager/internal/worktree/worktree.go:66.16,68.3 1 0
github.com/vansdevcode/worktree-manager/internal/worktree/worktree.go:70.2,70.6 1 2
github.com/vansdevcode/worktree-manager/internal/worktree/worktree.go:70.6,72.59 2 12
github.com/vansdevcode/worktree-manager/internal/worktree/worktree.go:72.59,74.4 1 1
github.com/vansdevcode/worktree-manager/internal/worktree/worktree.go:76.3,77.24 2 11
github.com/vansdevcode/worktree-manager/internal/worktree/worktree.go:77.24,80.4 1 1
github.com/vansdevcode/worktree-manager/internal/worktree/worktree.go:81.3,81.19 1 10
github.com/vansdevcode/worktree-manager/internal/worktree/worktree.go:86.38,88.2 1 1
github.com/vansdevcode/worktree-manager/internal/worktree/worktree.go:91.48,93.2 1 1
github.com/vansdevcode/worktree-manager/pkg/ui/output.go:19.47,21.2 1 0
github.com/vansdevcode/worktree-manager/pkg/ui/output.go:24.50,26.2 1 0
github.com/vansdevcode/worktree-manager/pkg/ui/output.go:29.50,31.2 1 0
github.com/vansdevcode/worktree-manager/pkg/ui/output.go:34.48,36.2 1 0
github.com/vansdevcode/worktree-manager/pkg/ui/output.go:39.48,41.2 1 0
